[2023-12-07 19:59:19,778][Train][INFO] - global_conf:
  seed: 1000
  device: cuda
  tensorboard_path: ./tensorboard_log
data_conf:
  initial_data_n: 2000
  boundary_data_n: 2000
  pde_data_n: 100000
model_conf:
  load_model: false
  model_path: ./
  dim:
    input_dim: 2
    output_dim: 1
  layer:
    layer_n: 3
    activate: tanh
    final_activate: Identify
    norm: false
    layer_size:
    - 32
    - 32
    - 32
train_conf:
  train_t_range:
  - 0
  - 0.6
  eval_t_range:
  - 0.6
  - 0.8
  test_t_range:
  - 0.8
  - 1.0
  pde_sampler: NabianMethod_xiaobo
  pde_reweighting: BiasedReWeighting
  optim_conf:
    lr: 0.005
    betas:
    - 0.9
    - 0.999
    eps: 1.0e-08
    weight_decay: 0.0
    amsgrad: false
  main_conf:
    max_steps: 20000
    pde_batch_size: 5000
    initial_batch_size: 500
    boundary_batch_size: 500
    print_frequency: 1
    eval_frequency: 250
    model_save_folder: ./
    model_basic_save_name: ${name}
  reweighting_params:
    k_init: 1
    k_final: 1.5
    iter_n: ${train_conf.main_conf.max_steps}
  sampler_conf:
    forward_batch_size: ${train_conf.main_conf.pde_batch_size}
    mesh_update_thres: 0.4
    addon_points:
    - - 0.0
      - 1.0
    - - 0.0
      - -1.0
    - - 0.6
      - 1.0
    - - 0.6
      - -1.0
    seed_n: 1000
name: Burgers
problem_conf:
  dims: 2
  x_range:
  - -1
  - 1
  t_range:
  - 0.0
  - 1.0
  initial_cond: -sin(pi * x)
  boundary_cond: 0 * x

[2023-12-07 19:59:19,786][Train][INFO] - device: cuda
[2023-12-07 19:59:19,786][Train][INFO] - create model...
[2023-12-07 19:59:19,905][Train][INFO] - FullyConnectedNetwork(
  (_network): Sequential(
    (layer_1): Sequential(
      (0): Linear(in_features=2, out_features=32, bias=True)
      (1): Tanh()
    )
    (layer_2): Sequential(
      (0): Linear(in_features=32, out_features=32, bias=True)
      (1): Tanh()
    )
    (layer_3): Sequential(
      (0): Linear(in_features=32, out_features=32, bias=True)
      (1): Tanh()
    )
    (layer_4): Sequential(
      (0): Linear(in_features=32, out_features=1, bias=True)
    )
  )
)
[2023-12-07 19:59:19,919][Train][INFO] - create problem data successful...
[2023-12-07 19:59:19,922][Train][INFO] - split dataset successful...
[2023-12-07 19:59:21,303][Train][INFO] - step: 0
[2023-12-07 19:59:21,303][Train][INFO] - pde loss: 4.19400e-04
[2023-12-07 19:59:21,303][Train][INFO] - initial loss: 5.30793e-01
[2023-12-07 19:59:21,305][Train][INFO] - boundary loss: 1.61890e-02
[2023-12-07 19:59:21,305][Train][INFO] - total loss: 5.47401e-01
[2023-12-07 19:59:21,305][Train][INFO] - evaluation
[2023-12-07 19:59:21,311][Train][INFO] - train area: peak error:1.0134e+00, absolute error:5.4492e-01, l2 error:3.9191e-01
[2023-12-07 19:59:21,313][Train][INFO] - eval area: peak error:9.2218e-01, absolute error:4.1341e-01, l2 error:2.4091e-01
[2023-12-07 19:59:21,314][Train][INFO] - test area: peak error:7.9990e-01, absolute error:3.4602e-01, l2 error:1.7108e-01
[2023-12-07 19:59:21,368][Train][INFO] - step: 1
[2023-12-07 19:59:21,368][Train][INFO] - pde loss: 1.39868e-03
[2023-12-07 19:59:21,368][Train][INFO] - initial loss: 4.58658e-01
[2023-12-07 19:59:21,369][Train][INFO] - boundary loss: 1.37196e-02
[2023-12-07 19:59:21,369][Train][INFO] - total loss: 4.73776e-01
[2023-12-07 19:59:21,416][Train][INFO] - step: 2
[2023-12-07 19:59:21,417][Train][INFO] - pde loss: 1.35359e-03
[2023-12-07 19:59:21,417][Train][INFO] - initial loss: 4.16338e-01
[2023-12-07 19:59:21,417][Train][INFO] - boundary loss: 4.72685e-02
[2023-12-07 19:59:21,417][Train][INFO] - total loss: 4.64960e-01
[2023-12-07 19:59:21,467][Train][INFO] - step: 3
[2023-12-07 19:59:21,467][Train][INFO] - pde loss: 4.96139e-03
[2023-12-07 19:59:21,467][Train][INFO] - initial loss: 3.40641e-01
[2023-12-07 19:59:21,468][Train][INFO] - boundary loss: 1.16270e-01
[2023-12-07 19:59:21,468][Train][INFO] - total loss: 4.61873e-01
[2023-12-07 19:59:21,517][Train][INFO] - step: 4
[2023-12-07 19:59:21,517][Train][INFO] - pde loss: 9.49450e-03
[2023-12-07 19:59:21,518][Train][INFO] - initial loss: 2.94982e-01
[2023-12-07 19:59:21,518][Train][INFO] - boundary loss: 1.50121e-01
[2023-12-07 19:59:21,518][Train][INFO] - total loss: 4.54598e-01
[2023-12-07 19:59:21,568][Train][INFO] - step: 5
[2023-12-07 19:59:21,568][Train][INFO] - pde loss: 7.85012e-03
[2023-12-07 19:59:21,568][Train][INFO] - initial loss: 3.14554e-01
[2023-12-07 19:59:21,570][Train][INFO] - boundary loss: 1.28923e-01
[2023-12-07 19:59:21,570][Train][INFO] - total loss: 4.51327e-01
[2023-12-07 19:59:21,619][Train][INFO] - step: 6
[2023-12-07 19:59:21,619][Train][INFO] - pde loss: 4.63462e-03
[2023-12-07 19:59:21,619][Train][INFO] - initial loss: 3.55546e-01
[2023-12-07 19:59:21,619][Train][INFO] - boundary loss: 9.44508e-02
[2023-12-07 19:59:21,619][Train][INFO] - total loss: 4.54631e-01
[2023-12-07 19:59:21,669][Train][INFO] - step: 7
[2023-12-07 19:59:21,669][Train][INFO] - pde loss: 2.53256e-03
[2023-12-07 19:59:21,669][Train][INFO] - initial loss: 3.68818e-01
[2023-12-07 19:59:21,670][Train][INFO] - boundary loss: 6.17176e-02
[2023-12-07 19:59:21,670][Train][INFO] - total loss: 4.33068e-01
[2023-12-07 19:59:21,733][Train][INFO] - step: 8
[2023-12-07 19:59:21,733][Train][INFO] - pde loss: 1.46355e-03
[2023-12-07 19:59:21,733][Train][INFO] - initial loss: 4.05597e-01
[2023-12-07 19:59:21,733][Train][INFO] - boundary loss: 3.74463e-02
[2023-12-07 19:59:21,734][Train][INFO] - total loss: 4.44506e-01
[2023-12-07 19:59:21,805][Train][INFO] - step: 9
[2023-12-07 19:59:21,805][Train][INFO] - pde loss: 9.95768e-04
[2023-12-07 19:59:21,805][Train][INFO] - initial loss: 4.04035e-01
[2023-12-07 19:59:21,806][Train][INFO] - boundary loss: 2.55001e-02
[2023-12-07 19:59:21,806][Train][INFO] - total loss: 4.30530e-01
[2023-12-07 19:59:21,866][Train][INFO] - step: 10
[2023-12-07 19:59:21,866][Train][INFO] - pde loss: 7.81163e-04
[2023-12-07 19:59:21,866][Train][INFO] - initial loss: 4.00222e-01
[2023-12-07 19:59:21,867][Train][INFO] - boundary loss: 2.15974e-02
[2023-12-07 19:59:21,867][Train][INFO] - total loss: 4.22601e-01
[2023-12-07 19:59:21,927][Train][INFO] - step: 11
[2023-12-07 19:59:21,927][Train][INFO] - pde loss: 8.11476e-04
[2023-12-07 19:59:21,927][Train][INFO] - initial loss: 4.25922e-01
[2023-12-07 19:59:21,928][Train][INFO] - boundary loss: 2.24900e-02
[2023-12-07 19:59:21,928][Train][INFO] - total loss: 4.49224e-01
[2023-12-07 19:59:21,991][Train][INFO] - step: 12
[2023-12-07 19:59:21,991][Train][INFO] - pde loss: 1.09588e-03
[2023-12-07 19:59:21,991][Train][INFO] - initial loss: 4.02608e-01
[2023-12-07 19:59:21,992][Train][INFO] - boundary loss: 2.82476e-02
[2023-12-07 19:59:21,992][Train][INFO] - total loss: 4.31951e-01
[2023-12-07 19:59:22,057][Train][INFO] - step: 13
[2023-12-07 19:59:22,057][Train][INFO] - pde loss: 1.74278e-03
[2023-12-07 19:59:22,057][Train][INFO] - initial loss: 4.01106e-01
[2023-12-07 19:59:22,058][Train][INFO] - boundary loss: 3.75882e-02
[2023-12-07 19:59:22,058][Train][INFO] - total loss: 4.40437e-01
[2023-12-07 19:59:22,120][Train][INFO] - step: 14
[2023-12-07 19:59:22,120][Train][INFO] - pde loss: 2.66973e-03
[2023-12-07 19:59:22,120][Train][INFO] - initial loss: 3.96431e-01
[2023-12-07 19:59:22,120][Train][INFO] - boundary loss: 5.13650e-02
[2023-12-07 19:59:22,121][Train][INFO] - total loss: 4.50466e-01
[2023-12-07 19:59:22,188][Train][INFO] - step: 15
[2023-12-07 19:59:22,188][Train][INFO] - pde loss: 4.16583e-03
[2023-12-07 19:59:22,188][Train][INFO] - initial loss: 3.50175e-01
[2023-12-07 19:59:22,189][Train][INFO] - boundary loss: 6.65424e-02
[2023-12-07 19:59:22,189][Train][INFO] - total loss: 4.20884e-01
[2023-12-07 19:59:22,249][Train][INFO] - step: 16
[2023-12-07 19:59:22,249][Train][INFO] - pde loss: 5.35463e-03
[2023-12-07 19:59:22,249][Train][INFO] - initial loss: 3.51517e-01
[2023-12-07 19:59:22,250][Train][INFO] - boundary loss: 8.14721e-02
[2023-12-07 19:59:22,250][Train][INFO] - total loss: 4.38344e-01
[2023-12-07 19:59:22,323][Train][INFO] - step: 17
[2023-12-07 19:59:22,324][Train][INFO] - pde loss: 6.34782e-03
[2023-12-07 19:59:22,324][Train][INFO] - initial loss: 3.44061e-01
[2023-12-07 19:59:22,324][Train][INFO] - boundary loss: 9.24987e-02
[2023-12-07 19:59:22,325][Train][INFO] - total loss: 4.42907e-01
[2023-12-07 19:59:22,387][Train][INFO] - step: 18
[2023-12-07 19:59:22,387][Train][INFO] - pde loss: 7.14494e-03
[2023-12-07 19:59:22,387][Train][INFO] - initial loss: 3.14647e-01
[2023-12-07 19:59:22,388][Train][INFO] - boundary loss: 9.52273e-02
[2023-12-07 19:59:22,389][Train][INFO] - total loss: 4.17019e-01
[2023-12-07 19:59:22,448][Train][INFO] - step: 19
[2023-12-07 19:59:22,448][Train][INFO] - pde loss: 7.18324e-03
[2023-12-07 19:59:22,448][Train][INFO] - initial loss: 3.35590e-01
[2023-12-07 19:59:22,448][Train][INFO] - boundary loss: 9.22969e-02
[2023-12-07 19:59:22,448][Train][INFO] - total loss: 4.35070e-01
[2023-12-07 19:59:22,508][Train][INFO] - step: 20
[2023-12-07 19:59:22,508][Train][INFO] - pde loss: 6.89969e-03
[2023-12-07 19:59:22,508][Train][INFO] - initial loss: 3.58917e-01
[2023-12-07 19:59:22,509][Train][INFO] - boundary loss: 8.57185e-02
[2023-12-07 19:59:22,509][Train][INFO] - total loss: 4.51535e-01
[2023-12-07 19:59:22,570][Train][INFO] - step: 21
[2023-12-07 19:59:22,570][Train][INFO] - pde loss: 6.10319e-03
[2023-12-07 19:59:22,571][Train][INFO] - initial loss: 3.33307e-01
[2023-12-07 19:59:22,571][Train][INFO] - boundary loss: 7.39350e-02
[2023-12-07 19:59:22,571][Train][INFO] - total loss: 4.13345e-01
[2023-12-07 19:59:22,631][Train][INFO] - step: 22
[2023-12-07 19:59:22,631][Train][INFO] - pde loss: 5.02743e-03
[2023-12-07 19:59:22,631][Train][INFO] - initial loss: 3.55641e-01
[2023-12-07 19:59:22,632][Train][INFO] - boundary loss: 6.37483e-02
[2023-12-07 19:59:22,632][Train][INFO] - total loss: 4.24416e-01
[2023-12-07 19:59:22,696][Train][INFO] - step: 23
