[2023-12-07 19:47:51,476][evaluation][INFO] - Burgers
[2023-12-07 19:47:51,476][evaluation][INFO] - create model and load weight
[2023-12-07 19:47:51,643][evaluation][INFO] - load ground true
[2023-12-07 19:47:51,646][evaluation][INFO] - pred
[2023-12-07 19:47:51,688][evaluation][INFO] - evaluation
[2023-12-07 19:47:51,689][evaluation][INFO] - print evaluation result
[2023-12-07 19:47:51,690][evaluation][INFO] - PINN-O_max error: 4.50525e-01
[2023-12-07 19:47:51,690][evaluation][INFO] - PINN-O_mean absolute error: 7.38042e-02
[2023-12-07 19:47:51,690][evaluation][INFO] - PINN-O_RMSE: 1.09995e-01
[2023-12-07 19:47:51,691][evaluation][INFO] - PINN-DMIS_1000_max error: 3.85909e-01
[2023-12-07 19:47:51,691][evaluation][INFO] - PINN-DMIS_1000_mean absolute error: 1.60485e-02
[2023-12-07 19:47:51,691][evaluation][INFO] - PINN-DMIS_1000_RMSE: 4.35629e-02
[2023-12-07 19:47:51,691][evaluation][INFO] - PINN-My_1000_max error: 3.23271e-01
[2023-12-07 19:47:51,691][evaluation][INFO] - PINN-My_1000_mean absolute error: 1.27042e-02
[2023-12-07 19:47:51,692][evaluation][INFO] - PINN-My_1000_RMSE: 3.55318e-02
[2023-12-07 19:47:51,692][evaluation][INFO] - PINN_Nabia_1000_max error: 4.36911e-01
[2023-12-07 19:47:51,692][evaluation][INFO] - PINN_Nabia_1000_mean absolute error: 1.71439e-02
[2023-12-07 19:47:51,692][evaluation][INFO] - PINN_Nabia_1000_RMSE: 5.25170e-02
[2023-12-07 19:47:51,692][evaluation][INFO] - PINN_Nabia_my1000_max error: 3.31539e-01
[2023-12-07 19:47:51,692][evaluation][INFO] - PINN_Nabia_my1000_mean absolute error: 1.41513e-02
[2023-12-07 19:47:51,692][evaluation][INFO] - PINN_Nabia_my1000_RMSE: 3.40463e-02
[2023-12-07 19:47:51,692][evaluation][INFO] - PINN_uni_max error: 5.28983e-01
[2023-12-07 19:47:51,692][evaluation][INFO] - PINN_uni_mean absolute error: 4.45362e-02
[2023-12-07 19:47:51,693][evaluation][INFO] - PINN_uni_RMSE: 9.64743e-02
[2023-12-07 19:47:51,693][evaluation][INFO] - PINN-My_max error: 3.11224e-01
[2023-12-07 19:47:51,693][evaluation][INFO] - PINN-My_mean absolute error: 3.65282e-02
[2023-12-07 19:47:51,693][evaluation][INFO] - PINN-My_RMSE: 7.06066e-02
[2023-12-07 19:47:51,693][evaluation][INFO] - PINN-MyNo_max error: 4.59688e-01
[2023-12-07 19:47:51,693][evaluation][INFO] - PINN-MyNo_mean absolute error: 4.59232e-02
[2023-12-07 19:47:51,693][evaluation][INFO] - PINN-MyNo_RMSE: 7.53102e-02
[2023-12-07 19:47:51,693][evaluation][INFO] - PINN-DMISNo_max error: 3.18945e-01
[2023-12-07 19:47:51,694][evaluation][INFO] - PINN-DMISNo_mean absolute error: 4.51175e-02
[2023-12-07 19:47:51,694][evaluation][INFO] - PINN-DMISNo_RMSE: 6.35908e-02
[2023-12-07 19:47:51,694][evaluation][INFO] - PINN-My_800_max error: 5.90229e-01
[2023-12-07 19:47:51,694][evaluation][INFO] - PINN-My_800_mean absolute error: 3.19818e-02
[2023-12-07 19:47:51,694][evaluation][INFO] - PINN-My_800_RMSE: 7.91069e-02
[2023-12-07 19:47:51,694][evaluation][INFO] - PINN-DMIS_800_max error: 3.78726e-01
[2023-12-07 19:47:51,695][evaluation][INFO] - PINN-DMIS_800_mean absolute error: 4.19859e-02
[2023-12-07 19:47:51,695][evaluation][INFO] - PINN-DMIS_800_RMSE: 7.79257e-02
[2023-12-07 19:47:51,695][evaluation][INFO] - KDV
[2023-12-07 19:47:51,695][evaluation][INFO] - create model and load weight
[2023-12-07 19:47:51,719][evaluation][INFO] - load ground true
[2023-12-07 19:47:51,722][evaluation][INFO] - pred
[2023-12-07 19:47:51,727][evaluation][INFO] - evaluation
[2023-12-07 19:47:51,727][evaluation][INFO] - print evaluation result
[2023-12-07 19:47:51,728][evaluation][INFO] - PINN-O_max error: 2.13798e+00
[2023-12-07 19:47:51,728][evaluation][INFO] - PINN-O_mean absolute error: 3.63186e-01
[2023-12-07 19:47:51,728][evaluation][INFO] - PINN-O_RMSE: 5.20034e-01
[2023-12-07 19:47:51,728][evaluation][INFO] - PINN-N_max error: 1.86019e+00
[2023-12-07 19:47:51,728][evaluation][INFO] - PINN-N_mean absolute error: 2.92285e-01
[2023-12-07 19:47:51,728][evaluation][INFO] - PINN-N_RMSE: 4.40908e-01
[2023-12-07 19:47:51,729][evaluation][INFO] - PINN-DMIS_max error: 1.16943e+00
[2023-12-07 19:47:51,729][evaluation][INFO] - PINN-DMIS_mean absolute error: 3.91233e-01
[2023-12-07 19:47:51,729][evaluation][INFO] - PINN-DMIS_RMSE: 4.91797e-01
[2023-12-07 19:47:51,729][evaluation][INFO] - PINN-DMIS-1000_max error: 1.87819e+00
[2023-12-07 19:47:51,729][evaluation][INFO] - PINN-DMIS-1000_mean absolute error: 2.93757e-01
[2023-12-07 19:47:51,729][evaluation][INFO] - PINN-DMIS-1000_RMSE: 4.53108e-01
[2023-12-07 19:47:51,729][evaluation][INFO] - PINN-My-1000_max error: 9.22614e-01
[2023-12-07 19:47:51,730][evaluation][INFO] - PINN-My-1000_mean absolute error: 1.89412e-01
[2023-12-07 19:47:51,730][evaluation][INFO] - PINN-My-1000_RMSE: 2.57111e-01
[2023-12-07 19:47:51,730][evaluation][INFO] - Schrodinger
[2023-12-07 19:47:51,730][evaluation][INFO] - create model and load weight
[2023-12-07 19:47:51,742][evaluation][INFO] - load ground true
[2023-12-07 19:47:51,744][evaluation][INFO] - pred
[2023-12-07 19:47:51,747][evaluation][INFO] - evaluation
[2023-12-07 19:47:51,748][evaluation][INFO] - print evaluation result
[2023-12-07 19:47:51,748][evaluation][INFO] - PINN-O_max error: 1.36405e+00
[2023-12-07 19:47:51,748][evaluation][INFO] - PINN-O_mean absolute error: 1.86091e-01
[2023-12-07 19:47:51,748][evaluation][INFO] - PINN-O_RMSE: 4.09185e-01
[2023-12-07 19:47:51,748][evaluation][INFO] - PINN-N_max error: 9.48379e-01
[2023-12-07 19:47:51,748][evaluation][INFO] - PINN-N_mean absolute error: 1.48743e-01
[2023-12-07 19:47:51,748][evaluation][INFO] - PINN-N_RMSE: 2.90647e-01
[2023-12-07 19:47:51,749][evaluation][INFO] - PINN-DMIS_max error: 6.46830e-01
[2023-12-07 19:47:51,749][evaluation][INFO] - PINN-DMIS_mean absolute error: 1.26961e-01
[2023-12-07 19:47:51,749][evaluation][INFO] - PINN-DMIS_RMSE: 2.19637e-01
[2023-12-07 19:47:51,749][evaluation][INFO] - Diffusion
[2023-12-07 19:47:51,749][evaluation][INFO] - create model and load weight
[2023-12-07 19:47:51,763][evaluation][INFO] - load ground true
[2023-12-07 19:47:51,765][evaluation][INFO] - pred
[2023-12-07 19:47:51,767][evaluation][INFO] - evaluation
[2023-12-07 19:47:51,767][evaluation][INFO] - print evaluation result
[2023-12-07 19:47:51,767][evaluation][INFO] - PINN-O_max error: 1.81117e-01
[2023-12-07 19:47:51,768][evaluation][INFO] - PINN-O_mean absolute error: 8.91539e-02
[2023-12-07 19:47:51,768][evaluation][INFO] - PINN-O_RMSE: 9.48327e-02
[2023-12-07 19:47:51,768][evaluation][INFO] - PINN-N_max error: 1.58255e-01
[2023-12-07 19:47:51,768][evaluation][INFO] - PINN-N_mean absolute error: 7.55420e-02
[2023-12-07 19:47:51,768][evaluation][INFO] - PINN-N_RMSE: 8.07936e-02
[2023-12-07 19:47:51,768][evaluation][INFO] - PINN-DMIS_max error: 5.33337e-02
[2023-12-07 19:47:51,768][evaluation][INFO] - PINN-DMIS_mean absolute error: 1.62170e-02
[2023-12-07 19:47:51,769][evaluation][INFO] - PINN-DMIS_RMSE: 1.93971e-02
[2023-12-07 19:47:51,769][evaluation][INFO] - ACEquation
[2023-12-07 19:47:51,769][evaluation][INFO] - create model and load weight
[2023-12-07 19:47:51,784][evaluation][INFO] - load ground true
[2023-12-07 19:47:51,786][evaluation][INFO] - pred
[2023-12-07 19:47:51,789][evaluation][INFO] - evaluation
[2023-12-07 19:47:51,790][evaluation][INFO] - print evaluation result
[2023-12-07 19:47:51,790][evaluation][INFO] - PINN-O_max error: 1.40560e+00
[2023-12-07 19:47:51,790][evaluation][INFO] - PINN-O_mean absolute error: 1.32661e-01
[2023-12-07 19:47:51,790][evaluation][INFO] - PINN-O_RMSE: 2.32423e-01
[2023-12-07 19:47:51,790][evaluation][INFO] - PINN-N_max error: 1.40372e+00
[2023-12-07 19:47:51,790][evaluation][INFO] - PINN-N_mean absolute error: 1.06532e-01
[2023-12-07 19:47:51,790][evaluation][INFO] - PINN-N_RMSE: 2.02860e-01
[2023-12-07 19:47:51,791][evaluation][INFO] - PINN-DMIS_max error: 1.03741e+00
[2023-12-07 19:47:51,791][evaluation][INFO] - PINN-DMIS_mean absolute error: 8.59468e-02
[2023-12-07 19:47:51,791][evaluation][INFO] - PINN-DMIS_RMSE: 1.50345e-01
