[2024-02-05 12:19:59,527][evaluation][INFO] - Burgers
[2024-02-05 12:19:59,528][evaluation][INFO] - create model and load weight
[2024-02-05 12:19:59,764][evaluation][INFO] - load ground true
[2024-02-05 12:19:59,770][evaluation][INFO] - pred
[2024-02-05 12:19:59,926][evaluation][INFO] - evaluation
[2024-02-05 12:19:59,929][evaluation][INFO] - print evaluation result
[2024-02-05 12:19:59,930][evaluation][INFO] - PINN-O_max error: 4.50525e-01
[2024-02-05 12:19:59,930][evaluation][INFO] - PINN-O_mean absolute error: 7.38042e-02
[2024-02-05 12:19:59,930][evaluation][INFO] - PINN-O_RMSE: 1.09995e-01
[2024-02-05 12:19:59,930][evaluation][INFO] - PINN-O_MAPE: 3.82805e-01
[2024-02-05 12:19:59,930][evaluation][INFO] - PINN-DMIS_1000_max error: 3.85909e-01
[2024-02-05 12:19:59,930][evaluation][INFO] - PINN-DMIS_1000_mean absolute error: 1.60485e-02
[2024-02-05 12:19:59,931][evaluation][INFO] - PINN-DMIS_1000_RMSE: 4.35629e-02
[2024-02-05 12:19:59,931][evaluation][INFO] - PINN-DMIS_1000_MAPE: 5.35660e-02
[2024-02-05 12:19:59,931][evaluation][INFO] - PINN-My_1000_max error: 3.23271e-01
[2024-02-05 12:19:59,931][evaluation][INFO] - PINN-My_1000_mean absolute error: 1.27042e-02
[2024-02-05 12:19:59,931][evaluation][INFO] - PINN-My_1000_RMSE: 3.55318e-02
[2024-02-05 12:19:59,932][evaluation][INFO] - PINN-My_1000_MAPE: 4.55998e-02
[2024-02-05 12:19:59,932][evaluation][INFO] - PINN_Nabia_1000_max error: 4.36911e-01
[2024-02-05 12:19:59,932][evaluation][INFO] - PINN_Nabia_1000_mean absolute error: 1.71439e-02
[2024-02-05 12:19:59,932][evaluation][INFO] - PINN_Nabia_1000_RMSE: 5.25170e-02
[2024-02-05 12:19:59,932][evaluation][INFO] - PINN_Nabia_1000_MAPE: 5.80040e-02
[2024-02-05 12:19:59,932][evaluation][INFO] - PINN_Nabia_my1000_max error: 3.31539e-01
[2024-02-05 12:19:59,932][evaluation][INFO] - PINN_Nabia_my1000_mean absolute error: 1.41513e-02
[2024-02-05 12:19:59,932][evaluation][INFO] - PINN_Nabia_my1000_RMSE: 3.40463e-02
[2024-02-05 12:19:59,932][evaluation][INFO] - PINN_Nabia_my1000_MAPE: 8.71216e-02
[2024-02-05 12:19:59,932][evaluation][INFO] - PINN_uni_max error: 5.28983e-01
[2024-02-05 12:19:59,932][evaluation][INFO] - PINN_uni_mean absolute error: 4.45362e-02
[2024-02-05 12:19:59,932][evaluation][INFO] - PINN_uni_RMSE: 9.64743e-02
[2024-02-05 12:19:59,932][evaluation][INFO] - PINN_uni_MAPE: 1.51044e-01
[2024-02-05 12:19:59,933][evaluation][INFO] - PINN-My_max error: 3.11224e-01
[2024-02-05 12:19:59,933][evaluation][INFO] - PINN-My_mean absolute error: 3.65282e-02
[2024-02-05 12:19:59,933][evaluation][INFO] - PINN-My_RMSE: 7.06066e-02
[2024-02-05 12:19:59,933][evaluation][INFO] - PINN-My_MAPE: 9.88336e-02
[2024-02-05 12:19:59,933][evaluation][INFO] - PINN-MyNo_max error: 4.59688e-01
[2024-02-05 12:19:59,933][evaluation][INFO] - PINN-MyNo_mean absolute error: 4.59232e-02
[2024-02-05 12:19:59,933][evaluation][INFO] - PINN-MyNo_RMSE: 7.53102e-02
[2024-02-05 12:19:59,933][evaluation][INFO] - PINN-MyNo_MAPE: 3.09324e-01
[2024-02-05 12:19:59,933][evaluation][INFO] - PINN-DMISNo_max error: 3.18945e-01
[2024-02-05 12:19:59,933][evaluation][INFO] - PINN-DMISNo_mean absolute error: 4.51175e-02
[2024-02-05 12:19:59,934][evaluation][INFO] - PINN-DMISNo_RMSE: 6.35908e-02
[2024-02-05 12:19:59,934][evaluation][INFO] - PINN-DMISNo_MAPE: 4.94156e-01
[2024-02-05 12:19:59,934][evaluation][INFO] - PINN-My_800_max error: 5.90229e-01
[2024-02-05 12:19:59,934][evaluation][INFO] - PINN-My_800_mean absolute error: 3.19818e-02
[2024-02-05 12:19:59,934][evaluation][INFO] - PINN-My_800_RMSE: 7.91069e-02
[2024-02-05 12:19:59,934][evaluation][INFO] - PINN-My_800_MAPE: 9.54927e-02
[2024-02-05 12:19:59,934][evaluation][INFO] - PINN-DMIS_800_max error: 3.78726e-01
[2024-02-05 12:19:59,934][evaluation][INFO] - PINN-DMIS_800_mean absolute error: 4.19859e-02
[2024-02-05 12:19:59,934][evaluation][INFO] - PINN-DMIS_800_RMSE: 7.79257e-02
[2024-02-05 12:19:59,936][evaluation][INFO] - PINN-DMIS_800_MAPE: 1.46710e-01
[2024-02-05 12:19:59,936][evaluation][INFO] - KDV
[2024-02-05 12:19:59,936][evaluation][INFO] - create model and load weight
[2024-02-05 12:19:59,966][evaluation][INFO] - load ground true
[2024-02-05 12:19:59,969][evaluation][INFO] - pred
[2024-02-05 12:19:59,977][evaluation][INFO] - evaluation
[2024-02-05 12:19:59,978][evaluation][INFO] - print evaluation result
[2024-02-05 12:19:59,979][evaluation][INFO] - PINN-O_max error: 2.13798e+00
[2024-02-05 12:19:59,979][evaluation][INFO] - PINN-O_mean absolute error: 3.63186e-01
[2024-02-05 12:19:59,979][evaluation][INFO] - PINN-O_RMSE: 5.20034e-01
[2024-02-05 12:19:59,979][evaluation][INFO] - PINN-O_MAPE: 1.39984e+00
[2024-02-05 12:19:59,979][evaluation][INFO] - PINN-N_max error: 1.86019e+00
[2024-02-05 12:19:59,979][evaluation][INFO] - PINN-N_mean absolute error: 2.92285e-01
[2024-02-05 12:19:59,979][evaluation][INFO] - PINN-N_RMSE: 4.40908e-01
[2024-02-05 12:19:59,980][evaluation][INFO] - PINN-N_MAPE: 1.38363e+00
[2024-02-05 12:19:59,980][evaluation][INFO] - PINN-DMIS_max error: 1.16943e+00
[2024-02-05 12:19:59,980][evaluation][INFO] - PINN-DMIS_mean absolute error: 3.91233e-01
[2024-02-05 12:19:59,980][evaluation][INFO] - PINN-DMIS_RMSE: 4.91797e-01
[2024-02-05 12:19:59,980][evaluation][INFO] - PINN-DMIS_MAPE: 2.12559e+00
[2024-02-05 12:19:59,980][evaluation][INFO] - PINN-DMIS-1000_max error: 1.87819e+00
[2024-02-05 12:19:59,980][evaluation][INFO] - PINN-DMIS-1000_mean absolute error: 2.93757e-01
[2024-02-05 12:19:59,981][evaluation][INFO] - PINN-DMIS-1000_RMSE: 4.53108e-01
[2024-02-05 12:19:59,981][evaluation][INFO] - PINN-DMIS-1000_MAPE: 1.72202e+00
[2024-02-05 12:19:59,981][evaluation][INFO] - PINN-My-1000_max error: 9.22614e-01
[2024-02-05 12:19:59,981][evaluation][INFO] - PINN-My-1000_mean absolute error: 1.89412e-01
[2024-02-05 12:19:59,981][evaluation][INFO] - PINN-My-1000_RMSE: 2.57111e-01
[2024-02-05 12:19:59,981][evaluation][INFO] - PINN-My-1000_MAPE: 1.39488e+00
[2024-02-05 12:19:59,982][evaluation][INFO] - PINN_Nabia_my1000_max error: 1.10627e+00
[2024-02-05 12:19:59,982][evaluation][INFO] - PINN_Nabia_my1000_mean absolute error: 3.31502e-01
[2024-02-05 12:19:59,982][evaluation][INFO] - PINN_Nabia_my1000_RMSE: 4.43941e-01
[2024-02-05 12:19:59,982][evaluation][INFO] - PINN_Nabia_my1000_MAPE: 1.60788e+00
[2024-02-05 12:19:59,982][evaluation][INFO] - PINN_Nabia_1000_max error: 1.35364e+00
[2024-02-05 12:19:59,982][evaluation][INFO] - PINN_Nabia_1000_mean absolute error: 3.99174e-01
[2024-02-05 12:19:59,982][evaluation][INFO] - PINN_Nabia_1000_RMSE: 5.29891e-01
[2024-02-05 12:19:59,983][evaluation][INFO] - PINN_Nabia_1000_MAPE: 2.11116e+00
[2024-02-05 12:19:59,983][evaluation][INFO] - Schrodinger
[2024-02-05 12:19:59,983][evaluation][INFO] - create model and load weight
[2024-02-05 12:19:59,997][evaluation][INFO] - load ground true
[2024-02-05 12:19:59,999][evaluation][INFO] - pred
[2024-02-05 12:20:00,002][evaluation][INFO] - evaluation
[2024-02-05 12:20:00,003][evaluation][INFO] - print evaluation result
[2024-02-05 12:20:00,003][evaluation][INFO] - PINN-O_max error: 1.36405e+00
[2024-02-05 12:20:00,003][evaluation][INFO] - PINN-O_mean absolute error: 1.86091e-01
[2024-02-05 12:20:00,003][evaluation][INFO] - PINN-O_RMSE: 4.09185e-01
[2024-02-05 12:20:00,004][evaluation][INFO] - PINN-O_MAPE: 1.57432e-01
[2024-02-05 12:20:00,004][evaluation][INFO] - PINN-N_max error: 9.48379e-01
[2024-02-05 12:20:00,004][evaluation][INFO] - PINN-N_mean absolute error: 1.48743e-01
[2024-02-05 12:20:00,004][evaluation][INFO] - PINN-N_RMSE: 2.90647e-01
[2024-02-05 12:20:00,004][evaluation][INFO] - PINN-N_MAPE: 1.55844e-01
[2024-02-05 12:20:00,004][evaluation][INFO] - PINN-DMIS_max error: 6.46830e-01
[2024-02-05 12:20:00,004][evaluation][INFO] - PINN-DMIS_mean absolute error: 1.26961e-01
[2024-02-05 12:20:00,005][evaluation][INFO] - PINN-DMIS_RMSE: 2.19637e-01
[2024-02-05 12:20:00,005][evaluation][INFO] - PINN-DMIS_MAPE: 1.41598e-01
[2024-02-05 12:20:00,005][evaluation][INFO] - Diffusion
[2024-02-05 12:20:00,005][evaluation][INFO] - create model and load weight
[2024-02-05 12:20:00,018][evaluation][INFO] - load ground true
[2024-02-05 12:20:00,020][evaluation][INFO] - pred
[2024-02-05 12:20:00,023][evaluation][INFO] - evaluation
[2024-02-05 12:20:00,024][evaluation][INFO] - print evaluation result
[2024-02-05 12:20:00,024][evaluation][INFO] - PINN-O_max error: 1.81117e-01
[2024-02-05 12:20:00,024][evaluation][INFO] - PINN-O_mean absolute error: 8.91539e-02
[2024-02-05 12:20:00,024][evaluation][INFO] - PINN-O_RMSE: 9.48327e-02
[2024-02-05 12:20:00,024][evaluation][INFO] - PINN-O_MAPE: 2.57995e+00
[2024-02-05 12:20:00,025][evaluation][INFO] - PINN-N_max error: 1.58255e-01
[2024-02-05 12:20:00,025][evaluation][INFO] - PINN-N_mean absolute error: 7.55420e-02
[2024-02-05 12:20:00,025][evaluation][INFO] - PINN-N_RMSE: 8.07936e-02
[2024-02-05 12:20:00,025][evaluation][INFO] - PINN-N_MAPE: 2.20670e+00
[2024-02-05 12:20:00,026][evaluation][INFO] - PINN-DMIS_max error: 5.33337e-02
[2024-02-05 12:20:00,026][evaluation][INFO] - PINN-DMIS_mean absolute error: 1.62170e-02
[2024-02-05 12:20:00,026][evaluation][INFO] - PINN-DMIS_RMSE: 1.93971e-02
[2024-02-05 12:20:00,026][evaluation][INFO] - PINN-DMIS_MAPE: 7.26951e-01
[2024-02-05 12:20:00,026][evaluation][INFO] - ACEquation
[2024-02-05 12:20:00,026][evaluation][INFO] - create model and load weight
[2024-02-05 12:20:00,041][evaluation][INFO] - load ground true
[2024-02-05 12:20:00,043][evaluation][INFO] - pred
[2024-02-05 12:20:00,046][evaluation][INFO] - evaluation
[2024-02-05 12:20:00,047][evaluation][INFO] - print evaluation result
[2024-02-05 12:20:00,047][evaluation][INFO] - PINN-O_max error: 1.40560e+00
[2024-02-05 12:20:00,047][evaluation][INFO] - PINN-O_mean absolute error: 1.32661e-01
[2024-02-05 12:20:00,047][evaluation][INFO] - PINN-O_RMSE: 2.32423e-01
[2024-02-05 12:20:00,047][evaluation][INFO] - PINN-O_MAPE: 6.65848e-01
[2024-02-05 12:20:00,047][evaluation][INFO] - PINN-N_max error: 1.40372e+00
[2024-02-05 12:20:00,047][evaluation][INFO] - PINN-N_mean absolute error: 1.06532e-01
[2024-02-05 12:20:00,047][evaluation][INFO] - PINN-N_RMSE: 2.02860e-01
[2024-02-05 12:20:00,047][evaluation][INFO] - PINN-N_MAPE: 4.28359e-01
[2024-02-05 12:20:00,047][evaluation][INFO] - PINN-DMIS_max error: 1.03741e+00
[2024-02-05 12:20:00,048][evaluation][INFO] - PINN-DMIS_mean absolute error: 8.59468e-02
[2024-02-05 12:20:00,048][evaluation][INFO] - PINN-DMIS_RMSE: 1.50345e-01
[2024-02-05 12:20:00,048][evaluation][INFO] - PINN-DMIS_MAPE: 3.26967e-01
