[2023-11-09 23:09:40,241][evaluation][INFO] - Burgers
[2023-11-09 23:09:40,241][evaluation][INFO] - create model and load weight
[2023-11-09 23:09:40,426][evaluation][INFO] - load ground true
[2023-11-09 23:09:40,430][evaluation][INFO] - pred
[2023-11-09 23:09:40,474][evaluation][INFO] - evaluation
[2023-11-09 23:09:40,483][evaluation][INFO] - print evaluation result
[2023-11-09 23:09:40,483][evaluation][INFO] - PINN-O_max error: 4.50525e-01
[2023-11-09 23:09:40,483][evaluation][INFO] - PINN-O_mean absolute error: 7.38042e-02
[2023-11-09 23:09:40,485][evaluation][INFO] - PINN-O_RMSE: 1.09995e-01
[2023-11-09 23:09:40,485][evaluation][INFO] - PINN-DMIS_max error: 2.67853e-01
[2023-11-09 23:09:40,485][evaluation][INFO] - PINN-DMIS_mean absolute error: 1.60944e-02
[2023-11-09 23:09:40,485][evaluation][INFO] - PINN-DMIS_RMSE: 3.30923e-02
[2023-11-09 23:09:40,485][evaluation][INFO] - PINN-My_max error: 3.09967e-01
[2023-11-09 23:09:40,486][evaluation][INFO] - PINN-My_mean absolute error: 2.83066e-02
[2023-11-09 23:09:40,486][evaluation][INFO] - PINN-My_RMSE: 6.10372e-02
[2023-11-09 23:09:40,486][evaluation][INFO] - PINN-MyNo_max error: 4.59688e-01
[2023-11-09 23:09:40,486][evaluation][INFO] - PINN-MyNo_mean absolute error: 4.59232e-02
[2023-11-09 23:09:40,486][evaluation][INFO] - PINN-MyNo_RMSE: 7.53102e-02
[2023-11-09 23:09:40,486][evaluation][INFO] - PINN-DMISNo_max error: 3.18945e-01
[2023-11-09 23:09:40,486][evaluation][INFO] - PINN-DMISNo_mean absolute error: 4.51175e-02
[2023-11-09 23:09:40,487][evaluation][INFO] - PINN-DMISNo_RMSE: 6.35908e-02
[2023-11-09 23:09:40,487][evaluation][INFO] - KDV
[2023-11-09 23:09:40,487][evaluation][INFO] - create model and load weight
[2023-11-09 23:09:40,502][evaluation][INFO] - load ground true
[2023-11-09 23:09:40,504][evaluation][INFO] - pred
[2023-11-09 23:09:40,508][evaluation][INFO] - evaluation
[2023-11-09 23:09:40,509][evaluation][INFO] - print evaluation result
[2023-11-09 23:09:40,509][evaluation][INFO] - PINN-O_max error: 2.13798e+00
[2023-11-09 23:09:40,509][evaluation][INFO] - PINN-O_mean absolute error: 3.63186e-01
[2023-11-09 23:09:40,509][evaluation][INFO] - PINN-O_RMSE: 5.20034e-01
[2023-11-09 23:09:40,510][evaluation][INFO] - PINN-N_max error: 1.86019e+00
[2023-11-09 23:09:40,510][evaluation][INFO] - PINN-N_mean absolute error: 2.92285e-01
[2023-11-09 23:09:40,510][evaluation][INFO] - PINN-N_RMSE: 4.40908e-01
[2023-11-09 23:09:40,510][evaluation][INFO] - PINN-DMIS_max error: 1.16943e+00
[2023-11-09 23:09:40,510][evaluation][INFO] - PINN-DMIS_mean absolute error: 3.91233e-01
[2023-11-09 23:09:40,511][evaluation][INFO] - PINN-DMIS_RMSE: 4.91797e-01
[2023-11-09 23:09:40,511][evaluation][INFO] - Schrodinger
[2023-11-09 23:09:40,511][evaluation][INFO] - create model and load weight
[2023-11-09 23:09:40,525][evaluation][INFO] - load ground true
[2023-11-09 23:09:40,527][evaluation][INFO] - pred
[2023-11-09 23:09:40,530][evaluation][INFO] - evaluation
[2023-11-09 23:09:40,530][evaluation][INFO] - print evaluation result
[2023-11-09 23:09:40,530][evaluation][INFO] - PINN-O_max error: 1.36405e+00
[2023-11-09 23:09:40,530][evaluation][INFO] - PINN-O_mean absolute error: 1.86091e-01
[2023-11-09 23:09:40,531][evaluation][INFO] - PINN-O_RMSE: 4.09185e-01
[2023-11-09 23:09:40,531][evaluation][INFO] - PINN-N_max error: 9.48379e-01
[2023-11-09 23:09:40,531][evaluation][INFO] - PINN-N_mean absolute error: 1.48743e-01
[2023-11-09 23:09:40,531][evaluation][INFO] - PINN-N_RMSE: 2.90647e-01
[2023-11-09 23:09:40,531][evaluation][INFO] - PINN-DMIS_max error: 6.46830e-01
[2023-11-09 23:09:40,531][evaluation][INFO] - PINN-DMIS_mean absolute error: 1.26961e-01
[2023-11-09 23:09:40,532][evaluation][INFO] - PINN-DMIS_RMSE: 2.19637e-01
[2023-11-09 23:09:40,532][evaluation][INFO] - Diffusion
[2023-11-09 23:09:40,532][evaluation][INFO] - create model and load weight
[2023-11-09 23:09:40,545][evaluation][INFO] - load ground true
[2023-11-09 23:09:40,547][evaluation][INFO] - pred
[2023-11-09 23:09:40,550][evaluation][INFO] - evaluation
[2023-11-09 23:09:40,551][evaluation][INFO] - print evaluation result
[2023-11-09 23:09:40,551][evaluation][INFO] - PINN-O_max error: 1.81117e-01
[2023-11-09 23:09:40,551][evaluation][INFO] - PINN-O_mean absolute error: 8.91539e-02
[2023-11-09 23:09:40,552][evaluation][INFO] - PINN-O_RMSE: 9.48327e-02
[2023-11-09 23:09:40,552][evaluation][INFO] - PINN-N_max error: 1.58255e-01
[2023-11-09 23:09:40,552][evaluation][INFO] - PINN-N_mean absolute error: 7.55420e-02
[2023-11-09 23:09:40,552][evaluation][INFO] - PINN-N_RMSE: 8.07936e-02
[2023-11-09 23:09:40,552][evaluation][INFO] - PINN-DMIS_max error: 5.33337e-02
[2023-11-09 23:09:40,552][evaluation][INFO] - PINN-DMIS_mean absolute error: 1.62170e-02
[2023-11-09 23:09:40,553][evaluation][INFO] - PINN-DMIS_RMSE: 1.93971e-02
[2023-11-09 23:09:40,553][evaluation][INFO] - ACEquation
[2023-11-09 23:09:40,553][evaluation][INFO] - create model and load weight
[2023-11-09 23:09:40,569][evaluation][INFO] - load ground true
[2023-11-09 23:09:40,572][evaluation][INFO] - pred
[2023-11-09 23:09:40,574][evaluation][INFO] - evaluation
[2023-11-09 23:09:40,575][evaluation][INFO] - print evaluation result
[2023-11-09 23:09:40,575][evaluation][INFO] - PINN-O_max error: 1.40560e+00
[2023-11-09 23:09:40,575][evaluation][INFO] - PINN-O_mean absolute error: 1.32661e-01
[2023-11-09 23:09:40,575][evaluation][INFO] - PINN-O_RMSE: 2.32423e-01
[2023-11-09 23:09:40,575][evaluation][INFO] - PINN-N_max error: 1.40372e+00
[2023-11-09 23:09:40,575][evaluation][INFO] - PINN-N_mean absolute error: 1.06532e-01
[2023-11-09 23:09:40,576][evaluation][INFO] - PINN-N_RMSE: 2.02860e-01
[2023-11-09 23:09:40,576][evaluation][INFO] - PINN-DMIS_max error: 1.03741e+00
[2023-11-09 23:09:40,576][evaluation][INFO] - PINN-DMIS_mean absolute error: 8.59468e-02
[2023-11-09 23:09:40,576][evaluation][INFO] - PINN-DMIS_RMSE: 1.50345e-01
